[
    {
        "opcode": "mov",
        "arg1": "rx3",
        "arg2": 32
    },
    {
        "opcode": "store",
        "arg1": "rx3"
    },
    {
        "opcode": "mov",
        "arg1": "rx4",
        "arg2": 104
    },
    {
        "opcode": "store",
        "arg1": "rx4"
    },
    {
        "opcode": "mov",
        "arg1": "rx5",
        "arg2": 105
    },
    {
        "opcode": "store",
        "arg1": "rx5"
    },
    {
        "opcode": "mov",
        "arg1": "rx6",
        "arg2": 48
    },
    {
        "opcode": "store",
        "arg1": "rx6"
    },
    {
        "opcode": "mov",
        "arg1": "rx2",
        "arg2": 0
    },
    {
        "opcode": "mov",
        "arg1": "rx7",
        "arg2": "rx2"
    },
    {
        "opcode": "output",
        "arg1": "rx7",
        "arg2": 1
    },
    {
        "opcode": "mov",
        "arg1": "rx2",
        "arg2": 0
    },
    {
        "opcode": "mov",
        "arg1": "rx9",
        "arg2": "rx2"
    },
    {
        "opcode": "output",
        "arg1": "rx9",
        "arg2": 1
    },
    {
        "opcode": "mov",
        "arg1": "rx2",
        "arg2": 1
    },
    {
        "opcode": "mov",
        "arg1": "rx11",
        "arg2": "rx2"
    },
    {
        "opcode": "output",
        "arg1": "rx11",
        "arg2": 1
    },
    {
        "opcode": "mov",
        "arg1": "rx2",
        "arg2": 2
    },
    {
        "opcode": "mov",
        "arg1": "rx13",
        "arg2": "rx2"
    },
    {
        "opcode": "output",
        "arg1": "rx13",
        "arg2": 1
    },
    {
        "opcode": "mov",
        "arg1": "rx2",
        "arg2": 3
    },
    {
        "opcode": "mov",
        "arg1": "rx3",
        "arg2": "rx2"
    },
    {
        "opcode": "output",
        "arg1": "rx3",
        "arg2": 1
    },
    {
        "opcode": "halt"
    }
]